<?xml version="1.0" encoding="UTF-8"?>
<!-- Generated by org.testng.reporters.JUnitReportReporter -->
<testsuite skipped="0" hostname="parrot" name="parameters.UsingDataProvider" tests="3" failures="0" timestamp="2020-09-18T16:04:13 IST" time="0.012" errors="0">
  <testcase name="testOne" time="0.002" classname="parameters.UsingDataProvider"/>
  <system-out/>
  <testcase name="testOne" time="0.001" classname="parameters.UsingDataProvider"/>
  <system-out/>
  <testcase name="testOne" time="0.009" classname="parameters.UsingDataProvider"/>
  <system-out/>
</testsuite> <!-- parameters.UsingDataProvider -->
