<?xml version="1.0" encoding="UTF-8"?>
<!-- Generated by org.testng.reporters.JUnitReportReporter -->
<testsuite skipped="0" hostname="parrot" name="factories.SimpleTest" tests="3" failures="0" timestamp="2020-09-18T19:59:04 IST" time="0.023" errors="0">
  <testcase name="testName" time="0.020" classname="factories.SimpleTest"/>
  <system-out/>
  <testcase name="testName" time="0.001" classname="factories.SimpleTest"/>
  <system-out/>
  <testcase name="testName" time="0.002" classname="factories.SimpleTest"/>
  <system-out/>
</testsuite> <!-- factories.SimpleTest -->
