<?xml version="1.0" encoding="UTF-8"?>
<!-- Generated by org.testng.reporters.JUnitReportReporter -->
<testsuite skipped="0" hostname="parrot" name="annotations.BeforeAfter" tests="2" failures="0" timestamp="2020-09-17T18:30:20 IST" time="0.010" errors="0">
  <testcase name="testOne" time="0.008" classname="annotations.BeforeAfter"/>
  <system-out/>
  <testcase name="testTwo" time="0.002" classname="annotations.BeforeAfter"/>
  <system-out/>
</testsuite> <!-- annotations.BeforeAfter -->
