<?xml version="1.0" encoding="UTF-8"?>
<!-- Generated by org.testng.reporters.JUnitReportReporter -->
<testsuite skipped="0" hostname="parrot" name="factories.WebTest" tests="1" failures="0" timestamp="2020-09-18T19:39:13 IST" time="3.023" errors="0">
  <testcase name="openGoogle" time="3.023" classname="factories.WebTest"/>
  <system-out/>
</testsuite> <!-- factories.WebTest -->
