<?xml version="1.0" encoding="UTF-8"?>
<!-- Generated by org.testng.reporters.JUnitReportReporter -->
<testsuite skipped="0" hostname="parrot" name="parameters.UsingTestNGxml" tests="6" failures="0" timestamp="2020-09-17T19:07:02 IST" time="0.026" errors="0">
  <testcase name="testSingleString" time="0.002" classname="parameters.UsingTestNGxml"/>
  <system-out/>
  <testcase name="testSingleString" time="0.002" classname="parameters.UsingTestNGxml"/>
  <system-out/>
  <testcase name="testTwo" time="0.002" classname="parameters.UsingTestNGxml"/>
  <system-out/>
  <testcase name="testTwo" time="0.002" classname="parameters.UsingTestNGxml"/>
  <system-out/>
  <testcase name="testOne" time="0.007" classname="parameters.UsingTestNGxml"/>
  <system-out/>
  <testcase name="testOne" time="0.011" classname="parameters.UsingTestNGxml"/>
  <system-out/>
</testsuite> <!-- parameters.UsingTestNGxml -->
